<?xml version="1.0" encoding="UTF-8"?>
<testsuite name="jlpCodingChallenges.SokobanMoveTest2" tests="7" skipped="0" failures="0" errors="0" timestamp="2020-02-29T21:38:11" hostname="VI-LLLR0AJGUC" time="0.316">
  <properties/>
  <testcase name="should return changed array with b moved when move is down and down char is b against a * ()" classname="jlpCodingChallenges.SokobanMoveTest2" time="0.276"/>
  <testcase name="should return unchanged array with b moved when move is down and down char is b against a box ()" classname="jlpCodingChallenges.SokobanMoveTest2" time="0.005"/>
  <testcase name="should return changed array with b moved when move is down and down char is b ()" classname="jlpCodingChallenges.SokobanMoveTest2" time="0.008"/>
  <testcase name="should return changed array when move is down and down char is space ()" classname="jlpCodingChallenges.SokobanMoveTest2" time="0.004"/>
  <testcase name="should return changed array with P when move is down and down char is * ()" classname="jlpCodingChallenges.SokobanMoveTest2" time="0.002"/>
  <testcase name="should return unchanged array when move is down and down char is # ()" classname="jlpCodingChallenges.SokobanMoveTest2" time="0.007"/>
  <testcase name="should return unchanged array with b moved when move is down and down char is b against a wall ()" classname="jlpCodingChallenges.SokobanMoveTest2" time="0.006"/>
  <system-out><![CDATA[here i: 0 there j: 0
here i: 0 there j: 1
here i: 0 there j: 2
here i: 0 there j: 3
here i: 0 there j: 4
here i: 0 there j: 5
here i: 0 there j: 6
here i: 0 there j: 7
here i: 0 there j: 8
here i: 0 there j: 9
here i: 0 there j: 10
here i: 0 there j: 11
here i: 0 there j: 12
here i: 1 there j: 0
here i: 1 there j: 1
here i: 1 there j: 2
here i: 1 there j: 3
here i: 1 there j: 4
here i: 1 there j: 5
here i: 1 there j: 6
here i: 1 there j: 7
here i: 1 there j: 8
here i: 1 there j: 9
here i: 0 there j: 0
here i: 0 there j: 1
here i: 0 there j: 2
here i: 0 there j: 3
here i: 0 there j: 4
here i: 0 there j: 5
here i: 0 there j: 6
here i: 0 there j: 7
here i: 0 there j: 8
here i: 0 there j: 9
here i: 0 there j: 10
here i: 0 there j: 11
here i: 0 there j: 12
here i: 1 there j: 0
here i: 1 there j: 1
here i: 1 there j: 2
here i: 1 there j: 3
here i: 1 there j: 4
here i: 1 there j: 5
here i: 1 there j: 6
here i: 1 there j: 7
here i: 1 there j: 8
here i: 1 there j: 9
here i: 0 there j: 0
here i: 0 there j: 1
here i: 0 there j: 2
here i: 0 there j: 3
here i: 0 there j: 4
here i: 0 there j: 5
here i: 0 there j: 6
here i: 0 there j: 7
here i: 0 there j: 8
here i: 0 there j: 9
here i: 0 there j: 10
here i: 0 there j: 11
here i: 0 there j: 12
here i: 1 there j: 0
here i: 1 there j: 1
here i: 1 there j: 2
here i: 1 there j: 3
here i: 1 there j: 4
here i: 1 there j: 5
here i: 1 there j: 6
here i: 1 there j: 7
here i: 0 there j: 0
here i: 0 there j: 1
here i: 0 there j: 2
here i: 0 there j: 3
here i: 0 there j: 4
here i: 0 there j: 5
here i: 0 there j: 6
here i: 0 there j: 7
here i: 0 there j: 8
here i: 0 there j: 9
here i: 0 there j: 10
here i: 0 there j: 11
here i: 0 there j: 12
here i: 1 there j: 0
here i: 1 there j: 1
here i: 1 there j: 2
here2 2
here i: 0 there j: 0
here i: 0 there j: 1
here i: 0 there j: 2
here i: 0 there j: 3
here i: 0 there j: 4
here i: 0 there j: 5
here i: 0 there j: 6
here i: 0 there j: 7
here i: 0 there j: 8
here i: 0 there j: 9
here i: 0 there j: 10
here i: 0 there j: 11
here i: 0 there j: 12
here i: 1 there j: 0
here i: 1 there j: 1
here i: 1 there j: 2
here i: 0 there j: 0
here i: 0 there j: 1
here i: 0 there j: 2
here i: 0 there j: 3
here i: 0 there j: 4
here i: 0 there j: 5
here i: 0 there j: 6
here i: 0 there j: 7
here i: 0 there j: 8
here i: 0 there j: 9
here i: 0 there j: 10
here i: 0 there j: 11
here i: 0 there j: 12
here i: 1 there j: 0
here i: 1 there j: 1
here i: 1 there j: 2
here i: 1 there j: 3
here i: 1 there j: 4
here i: 1 there j: 5
here i: 1 there j: 6
here i: 1 there j: 7
here i: 1 there j: 8
here i: 1 there j: 9
here i: 1 there j: 10
here i: 1 there j: 11
here i: 1 there j: 12
here i: 2 there j: 0
here i: 2 there j: 1
here i: 2 there j: 2
here i: 2 there j: 3
here i: 2 there j: 4
here i: 2 there j: 5
here i: 2 there j: 6
here i: 2 there j: 7
here i: 2 there j: 8
here i: 2 there j: 9
here i: 2 there j: 10
here i: 2 there j: 11
here i: 2 there j: 12
here i: 3 there j: 0
here i: 3 there j: 1
here i: 3 there j: 2
here i: 3 there j: 3
here i: 0 there j: 0
here i: 0 there j: 1
here i: 0 there j: 2
here i: 0 there j: 3
here i: 0 there j: 4
here i: 0 there j: 5
here i: 0 there j: 6
here i: 0 there j: 7
here i: 0 there j: 8
here i: 0 there j: 9
here i: 0 there j: 10
here i: 0 there j: 11
here i: 0 there j: 12
here i: 1 there j: 0
here i: 1 there j: 1
here i: 1 there j: 2
here i: 1 there j: 3
here i: 1 there j: 4
here i: 1 there j: 5
here i: 1 there j: 6
here i: 1 there j: 7
here i: 1 there j: 8
here i: 1 there j: 9
here i: 1 there j: 10
here i: 1 there j: 11
here i: 1 there j: 12
here i: 2 there j: 0
here i: 2 there j: 1
here i: 2 there j: 2
here i: 2 there j: 3
here i: 2 there j: 4
here i: 2 there j: 5
here i: 2 there j: 6
here i: 2 there j: 7
here i: 2 there j: 8
here i: 2 there j: 9
]]></system-out>
  <system-err><![CDATA[]]></system-err>
</testsuite>
